<?xml version="1.0" encoding="UTF-8"?>
<testsuite name="model.PingPongTest" tests="1" skipped="0" failures="0" errors="0" timestamp="2021-12-01T21:55:44" hostname="fiona-ThinkPad-T460s" time="0.002">
  <properties/>
  <testcase name="runPingPong_replaceMultiplesOfBoth3And5_ArrayList" classname="model.PingPongTest" time="0.002"/>
  <system-out><![CDATA[]]></system-out>
  <system-err><![CDATA[]]></system-err>
</testsuite>
